#
# There is insufficient memory for the Java Runtime Environment to continue.
# Native memory allocation (malloc) failed to allocate 1033856 bytes for Chunk::new
# Possible reasons:
#   The system is out of physical RAM or swap space
#   In 32 bit mode, the process size limit was hit
# Possible solutions:
#   Reduce memory load on the system
#   Increase physical memory or swap space
#   Check if swap backing store is full
#   Use 64 bit Java on a 64 bit OS
#   Decrease Java heap size (-Xmx/-Xms)
#   Decrease number of Java threads
#   Decrease Java thread stack sizes (-Xss)
#   Set larger code cache with -XX:ReservedCodeCacheSize=
# This output file may be truncated or incomplete.
#
#  Out of Memory Error (allocation.cpp:390), pid=2504, tid=0x00000000000056a0
#
# JRE version: Java(TM) SE Runtime Environment (8.0_161-b12) (build 1.8.0_161-b12)
# Java VM: Java HotSpot(TM) 64-Bit Server VM (25.161-b12 mixed mode windows-amd64 compressed oops)
# Failed to write core dump. Minidumps are not enabled by default on client versions of Windows
#

---------------  T H R E A D  ---------------

Current thread (0x0000000017e15000):  JavaThread "C2 CompilerThread0" daemon [_thread_in_native, id=22176, stack(0x00000000194a0000,0x00000000195a0000)]

Stack: [0x00000000194a0000,0x00000000195a0000]
[error occurred during error reporting (printing stack bounds), id 0xc0000005]

Native frames: (J=compiled Java code, j=interpreted, Vv=VM code, C=native code)


Current CompileTask:
C2:   6065 1918       4       java.net.URLClassLoader$1::run (5 bytes)


---------------  P R O C E S S  ---------------

Java Threads: ( => current thread )
  0x000000001b0a4800 JavaThread "background-preinit" [_thread_in_native, id=20712, stack(0x000000001c4f0000,0x000000001c5f0000)]
  0x000000001a754800 JavaThread "restartedMain" [_thread_in_vm, id=10368, stack(0x000000001bff0000,0x000000001c0f0000)]
  0x000000001a753800 JavaThread "Thread-1" [_thread_blocked, id=21684, stack(0x000000001bef0000,0x000000001bff0000)]
  0x000000001a33b800 JavaThread "RMI TCP Accept-0" daemon [_thread_in_native, id=12336, stack(0x000000001a9e0000,0x000000001aae0000)]
  0x000000001a337800 JavaThread "RMI TCP Accept-14131" daemon [_thread_in_native, id=15484, stack(0x000000001a8e0000,0x000000001a9e0000)]
  0x000000001a2d3000 JavaThread "RMI TCP Accept-0" daemon [_thread_in_native, id=15864, stack(0x000000001a7e0000,0x000000001a8e0000)]
  0x00000000195c5000 JavaThread "Service Thread" daemon [_thread_blocked, id=20936, stack(0x0000000019ba0000,0x0000000019ca0000)]
  0x00000000195aa800 JavaThread "C1 CompilerThread2" daemon [_thread_blocked, id=20444, stack(0x0000000019aa0000,0x0000000019ba0000)]
  0x0000000017e6a800 JavaThread "C2 CompilerThread1" daemon [_thread_in_native, id=16092, stack(0x00000000199a0000,0x0000000019aa0000)]
=>0x0000000017e15000 JavaThread "C2 CompilerThread0" daemon [_thread_in_native, id=22176, stack(0x00000000194a0000,0x00000000195a0000)]
  0x0000000017e13800 JavaThread "Attach Listener" daemon [_thread_blocked, id=14548, stack(0x00000000193a0000,0x00000000194a0000)]
  0x0000000017e12000 JavaThread "Signal Dispatcher" daemon [_thread_blocked, id=11384, stack(0x00000000192a0000,0x00000000193a0000)]
  0x0000000017e00000 JavaThread "Finalizer" daemon [_thread_blocked, id=10868, stack(0x00000000190a0000,0x00000000191a0000)]
  0x00000000031e5000 JavaThread "Reference Handler" daemon [_thread_blocked, id=4124, stack(0x0000000018fa0000,0x00000000190a0000)]
  0x00000000030f5800 JavaThread "main" [_thread_blocked, id=20880, stack(0x0000000002ff0000,0x00000000030f0000)]

Other Threads:
  0x0000000017dd7000 VMThread [stack: 0x0000000018ea0000,0x0000000018fa0000] [id=18992]
  0x000000001a33f800 WatcherThread [stack: 0x000000001aae0000,0x000000001abe0000] [id=14372]

VM state:not at safepoint (normal execution)

VM Mutex/Monitor currently owned by a thread: None

Heap:
 PSYoungGen      total 67584K, used 12274K [0x00000000d5580000, 0x00000000dd980000, 0x0000000100000000)
  eden space 62464K, 13% used [0x00000000d5580000,0x00000000d5db5d48,0x00000000d9280000)
  from space 5120K, 75% used [0x00000000d9b80000,0x00000000d9f46c80,0x00000000da080000)
  to   space 9216K, 0% used [0x00000000d9280000,0x00000000d9280000,0x00000000d9b80000)
 ParOldGen       total 50688K, used 6999K [0x0000000080000000, 0x0000000083180000, 0x00000000d5580000)
  object space 50688K, 13% used [0x0000000080000000,0x00000000806d5c60,0x0000000083180000)
 Metaspace       used 24055K, capacity 25070K, committed 25216K, reserved 1071104K
  class space    used 3126K, capacity 3363K, committed 3456K, reserved 1048576K

Card table byte_map: [0x00000000125b0000,0x00000000129c0000] byte_map_base: 0x00000000121b0000

Marking Bits: (ParMarkBitMap*) 0x00000000582ef860
 Begin Bits: [0x0000000013070000, 0x0000000015070000)
 End Bits:   [0x0000000015070000, 0x0000000017070000)

Polling page: 0x0000000002ea0000

CodeCache: size=245760Kb used=6300Kb max_used=6300Kb free=239459Kb
 bounds [0x00000000031f0000, 0x0000000003820000, 0x00000000121f0000]
 total_blobs=2337 nmethods=1941 adapters=308
 compilation: enabled

Compilation events (10 events):
Event: 6.050 Thread 0x00000000195aa800 1936       3       java.lang.invoke.InnerClassLambdaMetafactory$ForwardingMethodGenerator::generate (176 bytes)
Event: 6.051 Thread 0x00000000195aa800 nmethod 1936 0x0000000003812ed0 code [0x00000000038131a0, 0x00000000038148d8]
Event: 6.052 Thread 0x00000000195aa800 1937       3       java.lang.invoke.ConstantCallSite::dynamicInvoker (5 bytes)
Event: 6.052 Thread 0x00000000195aa800 nmethod 1937 0x00000000037e2290 code [0x00000000037e2400, 0x00000000037e2728]
Event: 6.053 Thread 0x00000000195aa800 1938       3       java.lang.invoke.Invokers::linkToTargetMethod (11 bytes)
Event: 6.053 Thread 0x00000000195aa800 nmethod 1938 0x00000000037e1ed0 code [0x00000000037e2040, 0x00000000037e21c8]
Event: 6.056 Thread 0x00000000195aa800 1939       3       org.springframework.boot.autoconfigure.AutoConfigurationSorter$AutoConfigurationClass::getBefore (50 bytes)
Event: 6.058 Thread 0x00000000195aa800 nmethod 1939 0x0000000003815190 code [0x0000000003815460, 0x0000000003816588]
Event: 6.058 Thread 0x00000000195aa800 1940       3       org.springframework.boot.autoconfigure.AutoConfigurationSorter$AutoConfigurationClasses$$Lambda$256/1596392930::accept (20 bytes)
Event: 6.058 Thread 0x00000000195aa800 nmethod 1940 0x00000000037e1510 code [0x00000000037e16c0, 0x00000000037e1c88]

GC Heap History (10 events):
Event: 3.757 GC heap before
{Heap before GC invocations=3 (full 0):
 PSYoungGen      total 38400K, used 36274K [0x00000000d5580000, 0x00000000da080000, 0x0000000100000000)
  eden space 33280K, 100% used [0x00000000d5580000,0x00000000d7600000,0x00000000d7600000)
  from space 5120K, 58% used [0x00000000d7b00000,0x00000000d7dec8b0,0x00000000d8000000)
  to   space 5120K, 0% used [0x00000000d7600000,0x00000000d7600000,0x00000000d7b00000)
 ParOldGen       total 87552K, used 24K [0x0000000080000000, 0x0000000085580000, 0x00000000d5580000)
  object space 87552K, 0% used [0x0000000080000000,0x0000000080006000,0x0000000085580000)
 Metaspace       used 14606K, capacity 15240K, committed 15360K, reserved 1062912K
  class space    used 1820K, capacity 1993K, committed 2048K, reserved 1048576K
Event: 3.765 GC heap after
Heap after GC invocations=3 (full 0):
 PSYoungGen      total 38400K, used 5104K [0x00000000d5580000, 0x00000000da080000, 0x0000000100000000)
  eden space 33280K, 0% used [0x00000000d5580000,0x00000000d5580000,0x00000000d7600000)
  from space 5120K, 99% used [0x00000000d7600000,0x00000000d7afc018,0x00000000d7b00000)
  to   space 5120K, 0% used [0x00000000d9b80000,0x00000000d9b80000,0x00000000da080000)
 ParOldGen       total 87552K, used 853K [0x0000000080000000, 0x0000000085580000, 0x00000000d5580000)
  object space 87552K, 0% used [0x0000000080000000,0x00000000800d5428,0x0000000085580000)
 Metaspace       used 14606K, capacity 15240K, committed 15360K, reserved 1062912K
  class space    used 1820K, capacity 1993K, committed 2048K, reserved 1048576K
}
Event: 4.604 GC heap before
{Heap before GC invocations=4 (full 0):
 PSYoungGen      total 38400K, used 38384K [0x00000000d5580000, 0x00000000da080000, 0x0000000100000000)
  eden space 33280K, 100% used [0x00000000d5580000,0x00000000d7600000,0x00000000d7600000)
  from space 5120K, 99% used [0x00000000d7600000,0x00000000d7afc018,0x00000000d7b00000)
  to   space 5120K, 0% used [0x00000000d9b80000,0x00000000d9b80000,0x00000000da080000)
 ParOldGen       total 87552K, used 853K [0x0000000080000000, 0x0000000085580000, 0x00000000d5580000)
  object space 87552K, 0% used [0x0000000080000000,0x00000000800d5428,0x0000000085580000)
 Metaspace       used 18362K, capacity 19220K, committed 19328K, reserved 1067008K
  class space    used 2388K, capacity 2592K, committed 2688K, reserved 1048576K
Event: 4.667 GC heap after
Heap after GC invocations=4 (full 0):
 PSYoungGen      total 71680K, used 5088K [0x00000000d5580000, 0x00000000da080000, 0x0000000100000000)
  eden space 66560K, 0% used [0x00000000d5580000,0x00000000d5580000,0x00000000d9680000)
  from space 5120K, 99% used [0x00000000d9b80000,0x00000000da078020,0x00000000da080000)
  to   space 5120K, 0% used [0x00000000d9680000,0x00000000d9680000,0x00000000d9b80000)
 ParOldGen       total 87552K, used 3182K [0x0000000080000000, 0x0000000085580000, 0x00000000d5580000)
  object space 87552K, 3% used [0x0000000080000000,0x000000008031ba60,0x0000000085580000)
 Metaspace       used 18362K, capacity 19220K, committed 19328K, reserved 1067008K
  class space    used 2388K, capacity 2592K, committed 2688K, reserved 1048576K
}
Event: 5.251 GC heap before
{Heap before GC invocations=5 (full 0):
 PSYoungGen      total 71680K, used 33234K [0x00000000d5580000, 0x00000000da080000, 0x0000000100000000)
  eden space 66560K, 42% used [0x00000000d5580000,0x00000000d70fcbc8,0x00000000d9680000)
  from space 5120K, 99% used [0x00000000d9b80000,0x00000000da078020,0x00000000da080000)
  to   space 5120K, 0% used [0x00000000d9680000,0x00000000d9680000,0x00000000d9b80000)
 ParOldGen       total 87552K, used 3182K [0x0000000080000000, 0x0000000085580000, 0x00000000d5580000)
  object space 87552K, 3% used [0x0000000080000000,0x000000008031ba60,0x0000000085580000)
 Metaspace       used 20408K, capacity 21276K, committed 21296K, reserved 1067008K
  class space    used 2737K, capacity 2944K, committed 2944K, reserved 1048576K
Event: 5.262 GC heap after
Heap after GC invocations=5 (full 0):
 PSYoungGen      total 71680K, used 5088K [0x00000000d5580000, 0x00000000da080000, 0x0000000100000000)
  eden space 66560K, 0% used [0x00000000d5580000,0x00000000d5580000,0x00000000d9680000)
  from space 5120K, 99% used [0x00000000d9680000,0x00000000d9b78020,0x00000000d9b80000)
  to   space 5120K, 0% used [0x00000000d9b80000,0x00000000d9b80000,0x00000000da080000)
 ParOldGen       total 87552K, used 5193K [0x0000000080000000, 0x0000000085580000, 0x00000000d5580000)
  object space 87552K, 5% used [0x0000000080000000,0x0000000080512690,0x0000000085580000)
 Metaspace       used 20408K, capacity 21276K, committed 21296K, reserved 1067008K
  class space    used 2737K, capacity 2944K, committed 2944K, reserved 1048576K
}
Event: 5.262 GC heap before
{Heap before GC invocations=6 (full 1):
 PSYoungGen      total 71680K, used 5088K [0x00000000d5580000, 0x00000000da080000, 0x0000000100000000)
  eden space 66560K, 0% used [0x00000000d5580000,0x00000000d5580000,0x00000000d9680000)
  from space 5120K, 99% used [0x00000000d9680000,0x00000000d9b78020,0x00000000d9b80000)
  to   space 5120K, 0% used [0x00000000d9b80000,0x00000000d9b80000,0x00000000da080000)
 ParOldGen       total 87552K, used 5193K [0x0000000080000000, 0x0000000085580000, 0x00000000d5580000)
  object space 87552K, 5% used [0x0000000080000000,0x0000000080512690,0x0000000085580000)
 Metaspace       used 20408K, capacity 21276K, committed 21296K, reserved 1067008K
  class space    used 2737K, capacity 2944K, committed 2944K, reserved 1048576K
Event: 5.313 GC heap after
Heap after GC invocations=6 (full 1):
 PSYoungGen      total 71680K, used 0K [0x00000000d5580000, 0x00000000da080000, 0x0000000100000000)
  eden space 66560K, 0% used [0x00000000d5580000,0x00000000d5580000,0x00000000d9680000)
  from space 5120K, 0% used [0x00000000d9680000,0x00000000d9680000,0x00000000d9b80000)
  to   space 5120K, 0% used [0x00000000d9b80000,0x00000000d9b80000,0x00000000da080000)
 ParOldGen       total 50688K, used 6999K [0x0000000080000000, 0x0000000083180000, 0x00000000d5580000)
  object space 50688K, 13% used [0x0000000080000000,0x00000000806d5c60,0x0000000083180000)
 Metaspace       used 20408K, capacity 21276K, committed 21296K, reserved 1067008K
  class space    used 2737K, capacity 2944K, committed 2944K, reserved 1048576K
}
Event: 5.837 GC heap before
{Heap before GC invocations=7 (full 1):
 PSYoungGen      total 71680K, used 66560K [0x00000000d5580000, 0x00000000da080000, 0x0000000100000000)
  eden space 66560K, 100% used [0x00000000d5580000,0x00000000d9680000,0x00000000d9680000)
  from space 5120K, 0% used [0x00000000d9680000,0x00000000d9680000,0x00000000d9b80000)
  to   space 5120K, 0% used [0x00000000d9b80000,0x00000000d9b80000,0x00000000da080000)
 ParOldGen       total 50688K, used 6999K [0x0000000080000000, 0x0000000083180000, 0x00000000d5580000)
  object space 50688K, 13% used [0x0000000080000000,0x00000000806d5c60,0x0000000083180000)
 Metaspace       used 23188K, capacity 24164K, committed 24320K, reserved 1071104K
  class space    used 3043K, capacity 3258K, committed 3328K, reserved 1048576K
Event: 5.843 GC heap after
Heap after GC invocations=7 (full 1):
 PSYoungGen      total 67584K, used 3867K [0x00000000d5580000, 0x00000000dd980000, 0x0000000100000000)
  eden space 62464K, 0% used [0x00000000d5580000,0x00000000d5580000,0x00000000d9280000)
  from space 5120K, 75% used [0x00000000d9b80000,0x00000000d9f46c80,0x00000000da080000)
  to   space 9216K, 0% used [0x00000000d9280000,0x00000000d9280000,0x00000000d9b80000)
 ParOldGen       total 50688K, used 6999K [0x0000000080000000, 0x0000000083180000, 0x00000000d5580000)
  object space 50688K, 13% used [0x0000000080000000,0x00000000806d5c60,0x0000000083180000)
 Metaspace       used 23188K, capacity 24164K, committed 24320K, reserved 1071104K
  class space    used 3043K, capacity 3258K, committed 3328K, reserved 1048576K
}

Deoptimization events (10 events):
Event: 2.382 Thread 0x00000000030f5800 Uncommon trap: reason=range_check action=make_not_entrant pc=0x00000000034fcee0 method=sun.reflect.generics.parser.SignatureParser.current()C @ 34
Event: 2.793 Thread 0x000000001a754800 Uncommon trap: reason=unstable_if action=reinterpret pc=0x0000000003432ab8 method=sun.misc.URLClassPath.getLoader(I)Lsun/misc/URLClassPath$Loader; @ 36
Event: 2.855 Thread 0x000000001a754800 Uncommon trap: reason=unstable_if action=reinterpret pc=0x00000000035249a0 method=java.util.HashMap.putVal(ILjava/lang/Object;Ljava/lang/Object;ZZ)Ljava/lang/Object; @ 236
Event: 3.114 Thread 0x000000001a754800 Uncommon trap: reason=unstable_if action=reinterpret pc=0x0000000003525ae0 method=java.util.HashMap.hash(Ljava/lang/Object;)I @ 1
Event: 3.547 Thread 0x000000001a754800 Uncommon trap: reason=unstable_if action=reinterpret pc=0x00000000034c0d30 method=java.util.HashMap.getNode(ILjava/lang/Object;)Ljava/util/HashMap$Node; @ 129
Event: 3.645 Thread 0x000000001a754800 Uncommon trap: reason=unstable_if action=reinterpret pc=0x000000000349f2d8 method=sun.misc.MetaIndex.mayContain(Ljava/lang/String;)Z @ 38
Event: 5.398 Thread 0x000000001a754800 Uncommon trap: reason=bimorphic action=maybe_recompile pc=0x00000000036e7a50 method=java.util.HashMap.putVal(ILjava/lang/Object;Ljava/lang/Object;ZZ)Ljava/lang/Object; @ 203
Event: 5.436 Thread 0x000000001b0a4800 Uncommon trap: reason=bimorphic action=maybe_recompile pc=0x00000000036e7a50 method=java.util.HashMap.putVal(ILjava/lang/Object;Ljava/lang/Object;ZZ)Ljava/lang/Object; @ 203
Event: 5.441 Thread 0x000000001b0a4800 Uncommon trap: reason=bimorphic action=maybe_recompile pc=0x00000000036e7a50 method=java.util.HashMap.putVal(ILjava/lang/Object;Ljava/lang/Object;ZZ)Ljava/lang/Object; @ 203
Event: 5.445 Thread 0x000000001b0a4800 Uncommon trap: reason=bimorphic action=maybe_recompile pc=0x00000000036e7a50 method=java.util.HashMap.putVal(ILjava/lang/Object;Ljava/lang/Object;ZZ)Ljava/lang/Object; @ 203

Classes redefined (0 events):
No events

Internal exceptions (10 events):
Event: 4.918 Thread 0x000000001a754800 Exception <a 'java/lang/ClassNotFoundException': org/springframework/context/ResourceLoaderAwareCustomizer> (0x00000000d5e164a8) thrown at [C:\re\workspace\8-2-build-windows-amd64-cygwin\jdk8u161\10277\hotspot\src\share\vm\classfile\systemDictionary.cpp, 
Event: 4.920 Thread 0x000000001a754800 Exception <a 'java/lang/ClassNotFoundException': org/springframework/beans/factory/AwareCustomizer> (0x00000000d5e2ac88) thrown at [C:\re\workspace\8-2-build-windows-amd64-cygwin\jdk8u161\10277\hotspot\src\share\vm\classfile\systemDictionary.cpp, line 210
Event: 4.922 Thread 0x000000001a754800 Exception <a 'java/lang/ClassNotFoundException': org/springframework/context/ApplicationStartupAwareCustomizer> (0x00000000d5e41768) thrown at [C:\re\workspace\8-2-build-windows-amd64-cygwin\jdk8u161\10277\hotspot\src\share\vm\classfile\systemDictionary.c
Event: 4.923 Thread 0x000000001a754800 Exception <a 'java/lang/ClassNotFoundException': org/springframework/beans/factory/AwareCustomizer> (0x00000000d5e563d0) thrown at [C:\re\workspace\8-2-build-windows-amd64-cygwin\jdk8u161\10277\hotspot\src\share\vm\classfile\systemDictionary.cpp, line 210
Event: 4.924 Thread 0x000000001a754800 Exception <a 'java/lang/ClassNotFoundException': org/springframework/beans/factory/BeanClassLoaderAwareCustomizer> (0x00000000d5e6d900) thrown at [C:\re\workspace\8-2-build-windows-amd64-cygwin\jdk8u161\10277\hotspot\src\share\vm\classfile\systemDictionar
Event: 4.925 Thread 0x000000001a754800 Exception <a 'java/lang/ClassNotFoundException': org/springframework/beans/factory/AwareCustomizer> (0x00000000d5f7d710) thrown at [C:\re\workspace\8-2-build-windows-amd64-cygwin\jdk8u161\10277\hotspot\src\share\vm\classfile\systemDictionary.cpp, line 210
Event: 4.926 Thread 0x000000001a754800 Exception <a 'java/lang/ClassNotFoundException': org/springframework/context/EnvironmentAwareCustomizer> (0x00000000d5f92210) thrown at [C:\re\workspace\8-2-build-windows-amd64-cygwin\jdk8u161\10277\hotspot\src\share\vm\classfile\systemDictionary.cpp, lin
Event: 4.927 Thread 0x000000001a754800 Exception <a 'java/lang/ClassNotFoundException': org/springframework/beans/factory/AwareCustomizer> (0x00000000d5fa68e8) thrown at [C:\re\workspace\8-2-build-windows-amd64-cygwin\jdk8u161\10277\hotspot\src\share\vm\classfile\systemDictionary.cpp, line 210
Event: 5.532 Thread 0x000000001a754800 Exception <a 'java/lang/NoSuchMethodError': java.lang.Object.lambda$or$2(Ljava/util/function/Predicate;Ljava/lang/Object;)Z> (0x00000000d6180738) thrown at [C:\re\workspace\8-2-build-windows-amd64-cygwin\jdk8u161\10277\hotspot\src\share\vm\interpreter\lin
Event: 5.887 Thread 0x000000001a754800 Exception <a 'java/lang/IncompatibleClassChangeError': Found class java.lang.Object, but interface was expected> (0x00000000d58f68e0) thrown at [C:\re\workspace\8-2-build-windows-amd64-cygwin\jdk8u161\10277\hotspot\src\share\vm\interpreter\linkResolver.cp

Events (10 events):
Event: 5.977 loading class com/fasterxml/jackson/databind/cfg/CoercionConfigs
Event: 5.977 loading class com/fasterxml/jackson/databind/cfg/CoercionConfigs done
Event: 5.981 loading class org/springframework/boot/autoconfigure/AutoConfigurationSorter$AutoConfigurationClasses
Event: 5.981 loading class org/springframework/boot/autoconfigure/AutoConfigurationSorter$AutoConfigurationClasses done
Event: 5.982 loading class org/springframework/boot/autoconfigure/AutoConfigurationSorter$AutoConfigurationClasses
Event: 5.982 loading class org/springframework/boot/autoconfigure/AutoConfigurationSorter$AutoConfigurationClasses done
Event: 5.984 loading class org/springframework/boot/autoconfigure/AutoConfigureOrder
Event: 5.984 loading class org/springframework/boot/autoconfigure/AutoConfigureOrder done
Event: 5.992 loading class org/springframework/boot/autoconfigure/AutoConfigurationSorter$AutoConfigurationClass
Event: 5.992 loading class org/springframework/boot/autoconfigure/AutoConfigurationSorter$AutoConfigurationClass done


Dynamic libraries:
0x00007ff764e20000 - 0x00007ff764e57000 	C:\Program Files\Java\jdk1.8.0_161\bin\javaw.exe
0x00007ffe4edf0000 - 0x00007ffe4efe5000 	C:\Windows\SYSTEM32\ntdll.dll
0x00007ffe4d040000 - 0x00007ffe4d0fd000 	C:\Windows\System32\KERNEL32.DLL
0x00007ffe4c5b0000 - 0x00007ffe4c878000 	C:\Windows\System32\KERNELBASE.dll
0x00007ffe4e950000 - 0x00007ffe4e9fc000 	C:\Windows\System32\ADVAPI32.dll
0x00007ffe4d100000 - 0x00007ffe4d19e000 	C:\Windows\System32\msvcrt.dll
0x00007ffe4e780000 - 0x00007ffe4e81b000 	C:\Windows\System32\sechost.dll
0x00007ffe4cf10000 - 0x00007ffe4d03b000 	C:\Windows\System32\RPCRT4.dll
0x00007ffe4ea00000 - 0x00007ffe4eba0000 	C:\Windows\System32\USER32.dll
0x00007ffe4c530000 - 0x00007ffe4c552000 	C:\Windows\System32\win32u.dll
0x00007ffe4d650000 - 0x00007ffe4d67a000 	C:\Windows\System32\GDI32.dll
0x00007ffe4c9a0000 - 0x00007ffe4caab000 	C:\Windows\System32\gdi32full.dll
0x00007ffe4cbb0000 - 0x00007ffe4cc4d000 	C:\Windows\System32\msvcp_win.dll
0x00007ffe4cab0000 - 0x00007ffe4cbb0000 	C:\Windows\System32\ucrtbase.dll
0x00007ffe42ab0000 - 0x00007ffe42d4a000 	C:\Windows\WinSxS\amd64_microsoft.windows.common-controls_6595b64144ccf1df_6.0.19041.1052_none_60b8f8fd71f5e8cb\COMCTL32.dll
0x00007ffe4da70000 - 0x00007ffe4daa0000 	C:\Windows\System32\IMM32.DLL
0x0000000058370000 - 0x0000000058442000 	C:\Program Files\Java\jdk1.8.0_161\jre\bin\msvcr100.dll
0x0000000057ad0000 - 0x000000005836f000 	C:\Program Files\Java\jdk1.8.0_161\jre\bin\server\jvm.dll
0x00007ffe4d630000 - 0x00007ffe4d638000 	C:\Windows\System32\PSAPI.DLL
0x00007ffe436d0000 - 0x00007ffe436da000 	C:\Windows\SYSTEM32\VERSION.dll
0x00007ffe3fa10000 - 0x00007ffe3fa37000 	C:\Windows\SYSTEM32\WINMM.dll
0x00007ffe478f0000 - 0x00007ffe478f9000 	C:\Windows\SYSTEM32\WSOCK32.dll
0x00007ffe4d880000 - 0x00007ffe4d8eb000 	C:\Windows\System32\ws2_32.DLL
0x0000000057ac0000 - 0x0000000057acf000 	C:\Program Files\Java\jdk1.8.0_161\jre\bin\verify.dll
0x0000000057a90000 - 0x0000000057ab9000 	C:\Program Files\Java\jdk1.8.0_161\jre\bin\java.dll
0x0000000057a70000 - 0x0000000057a86000 	C:\Program Files\Java\jdk1.8.0_161\jre\bin\zip.dll
0x00007ffe4daa0000 - 0x00007ffe4e1df000 	C:\Windows\System32\SHELL32.dll
0x00007ffe4a6a0000 - 0x00007ffe4ae30000 	C:\Windows\SYSTEM32\windows.storage.dll
0x00007ffe4d270000 - 0x00007ffe4d5c5000 	C:\Windows\System32\combase.dll
0x00007ffe4bed0000 - 0x00007ffe4befc000 	C:\Windows\SYSTEM32\Wldp.dll
0x00007ffe4d1a0000 - 0x00007ffe4d24e000 	C:\Windows\System32\SHCORE.dll
0x00007ffe4eba0000 - 0x00007ffe4ebf5000 	C:\Windows\System32\shlwapi.dll
0x00007ffe4c470000 - 0x00007ffe4c48f000 	C:\Windows\SYSTEM32\profapi.dll
0x0000000057a60000 - 0x0000000057a6d000 	C:\Program Files\Java\jdk1.8.0_161\jre\bin\management.dll
0x0000000057a40000 - 0x0000000057a5a000 	C:\Program Files\Java\jdk1.8.0_161\jre\bin\net.dll
0x00007ffe4bc40000 - 0x00007ffe4bcaa000 	C:\Windows\system32\mswsock.dll
0x0000000057a20000 - 0x0000000057a31000 	C:\Program Files\Java\jdk1.8.0_161\jre\bin\nio.dll
0x00007ffe44670000 - 0x00007ffe44687000 	C:\Windows\system32\napinsp.dll
0x00007ffe446b0000 - 0x00007ffe446cb000 	C:\Windows\system32\pnrpnsp.dll
0x00007ffe44690000 - 0x00007ffe446a5000 	C:\Windows\system32\wshbth.dll
0x00007ffe47340000 - 0x00007ffe4735d000 	C:\Windows\system32\NLAapi.dll
0x00007ffe4b930000 - 0x00007ffe4b96b000 	C:\Windows\SYSTEM32\IPHLPAPI.DLL
0x00007ffe4b970000 - 0x00007ffe4ba3c000 	C:\Windows\SYSTEM32\DNSAPI.dll
0x00007ffe4d640000 - 0x00007ffe4d648000 	C:\Windows\System32\NSI.dll
0x00007ffe446d0000 - 0x00007ffe446e2000 	C:\Windows\System32\winrnr.dll
0x00007ffe45770000 - 0x00007ffe4577a000 	C:\Windows\System32\rasadhlp.dll
0x00007ffe48c20000 - 0x00007ffe48c9f000 	C:\Windows\System32\fwpuclnt.dll
0x00007ffe4c8e0000 - 0x00007ffe4c907000 	C:\Windows\System32\bcrypt.dll
0x00007ffe4be10000 - 0x00007ffe4be28000 	C:\Windows\SYSTEM32\CRYPTSP.dll
0x00007ffe4b5e0000 - 0x00007ffe4b614000 	C:\Windows\system32\rsaenh.dll
0x00007ffe4c430000 - 0x00007ffe4c45e000 	C:\Windows\SYSTEM32\USERENV.dll
0x00007ffe4c910000 - 0x00007ffe4c993000 	C:\Windows\System32\bcryptprimitives.dll
0x00007ffe4be30000 - 0x00007ffe4be3c000 	C:\Windows\SYSTEM32\CRYPTBASE.dll
0x00007ffe497a0000 - 0x00007ffe497b7000 	C:\Windows\SYSTEM32\dhcpcsvc6.DLL
0x00007ffe494c0000 - 0x00007ffe494dd000 	C:\Windows\SYSTEM32\dhcpcsvc.DLL

VM Arguments:
jvm_args: -Dcom.sun.management.jmxremote -Dcom.sun.management.jmxremote.port=14131 -Dcom.sun.management.jmxremote.authenticate=false -Dcom.sun.management.jmxremote.ssl=false -Dspring.liveBeansView.mbeanDomain -Dspring.application.admin.enabled=true -Dfile.encoding=UTF-8 
java_command: com.cybage.tms.TmsApplication
java_class_path (initial): C:\Users\ravinach\Desktop\tmsprojectw\tms\target\classes;C:\Users\ravinach\.m2\repository\org\springframework\boot\spring-boot-starter-data-jpa\2.5.2\spring-boot-starter-data-jpa-2.5.2.jar;C:\Users\ravinach\.m2\repository\org\springframework\boot\spring-boot-starter-aop\2.5.2\spring-boot-starter-aop-2.5.2.jar;C:\Users\ravinach\.m2\repository\org\aspectj\aspectjweaver\1.9.6\aspectjweaver-1.9.6.jar;C:\Users\ravinach\.m2\repository\org\springframework\boot\spring-boot-starter-jdbc\2.5.2\spring-boot-starter-jdbc-2.5.2.jar;C:\Users\ravinach\.m2\repository\com\zaxxer\HikariCP\4.0.3\HikariCP-4.0.3.jar;C:\Users\ravinach\.m2\repository\org\springframework\spring-jdbc\5.3.8\spring-jdbc-5.3.8.jar;C:\Users\ravinach\.m2\repository\jakarta\transaction\jakarta.transaction-api\1.3.3\jakarta.transaction-api-1.3.3.jar;C:\Users\ravinach\.m2\repository\jakarta\persistence\jakarta.persistence-api\2.2.3\jakarta.persistence-api-2.2.3.jar;C:\Users\ravinach\.m2\repository\org\hibernate\hibernate-core\5.4.32.Final\hibernate-core-5.4.32.Final.jar;C:\Users\ravinach\.m2\repository\org\jboss\logging\jboss-logging\3.4.2.Final\jboss-logging-3.4.2.Final.jar;C:\Users\ravinach\.m2\repository\org\javassist\javassist\3.27.0-GA\javassist-3.27.0-GA.jar;C:\Users\ravinach\.m2\repository\net\bytebuddy\byte-buddy\1.10.22\byte-buddy-1.10.22.jar;C:\Users\ravinach\.m2\repository\antlr\antlr\2.7.7\antlr-2.7.7.jar;C:\Users\ravinach\.m2\repository\org\jboss\jandex\2.2.3.Final\jandex-2.2.3.Final.jar;C:\Users\ravinach\.m2\repository\com\fasterxml\classmate\1.5.1\classmate-1.5.1.jar;C:\Users\ravinach\.m2\repository\org\dom4j\dom4j\2.1.3\dom4j-2.1.3.jar;C:\Users\ravinach\.m2\repository\org\hibernate\common\hibernate-commons-annotations\5.1.2.Final\hibernate-commons-annotations-5.1.2.Final.jar;C:\Users\ravinach\.m2\repository\org\glassfish\jaxb\jaxb-runtime\2.3.4\jaxb-runtime-2.3.4.jar;C:\Users\ravinach\.m2\repository\org\glassfish\jaxb\txw2\2.3.4\txw2-2.3.4.jar;C:\Users\ravinach\.m2\reposi
Launcher Type: SUN_STANDARD

Environment Variables:
PATH=C:/Program Files/Java/jre1.8.0_161/bin/server;C:/Program Files/Java/jre1.8.0_161/bin;C:/Program Files/Java/jre1.8.0_161/lib/amd64;C:\ProgramData\Oracle\Java\javapath;C:\Windows\system32;C:\Windows;C:\Windows\System32\Wbem;C:\Windows\System32\WindowsPowerShell\v1.0\;C:\Windows\System32\OpenSSH\;C:\Program Files (x86)\CheckPoint\Endpoint Security\Endpoint Common\bin;C:\Program Files\Git\cmd;C:\Program Files\TortoiseGit\bin;C:\Program Files\nodejs\;C:\Program Files\Microsoft VS Code\bin;C:\Program Files\Java\jdk1.8.0_161\bin;C:\Users\ravinach\AppData\Roaming\npm;C:\Users\ravinach\AppData\Local\Microsoft\WindowsApps;C:\Program Files\Java\jdk1.8.0_161\bin;C:\Software\sonar-scanner-2.8\sonar-scanner-2.8\bin;C:\Users\ravinach\Desktop\Sonar\sonar-scanner-2.8\sonar-scanner-2.8\bin;C:\Users\ravinach\AppData\Roaming\npm;;C:\Users\ravinach\Documents\spring-tool-suite-3.7.0.RELEASE-e4.5-win32-x86_64\sts-bundle\sts-3.7.0.RELEASE;
USERNAME=ravinach
OS=Windows_NT
PROCESSOR_IDENTIFIER=Intel64 Family 6 Model 62 Stepping 4, GenuineIntel



---------------  S Y S T E M  ---------------

OS: Windows 10.0 , 64 bit Build 19041 (10.0.19041.1023)

CPU:total 4 (initial active 4) (2 cores per cpu, 1 threads per core) family 6 model 62 stepping 4, cmov, cx8, fxsr, mmx, sse, sse2, sse3, ssse3, sse4.1, sse4.2, popcnt, avx, aes, clmul, tsc, tscinvbit

Memory: 4k page, physical 8388148k(431324k free), swap 16188080k(5504k free)

vm_info: Java HotSpot(TM) 64-Bit Server VM (25.161-b12) for windows-amd64 JRE (1.8.0_161-b12), built on Dec 19 2017 17:52:25 by "java_re" with MS VC++ 10.0 (VS2010)

time: Sun Jul 18 20:08:11 2021
elapsed time: 6 seconds (0d 0h 0m 6s)

