#
# There is insufficient memory for the Java Runtime Environment to continue.
# Native memory allocation (malloc) failed to allocate 1414912 bytes for Chunk::new
# Possible reasons:
#   The system is out of physical RAM or swap space
#   In 32 bit mode, the process size limit was hit
# Possible solutions:
#   Reduce memory load on the system
#   Increase physical memory or swap space
#   Check if swap backing store is full
#   Use 64 bit Java on a 64 bit OS
#   Decrease Java heap size (-Xmx/-Xms)
#   Decrease number of Java threads
#   Decrease Java thread stack sizes (-Xss)
#   Set larger code cache with -XX:ReservedCodeCacheSize=
# This output file may be truncated or incomplete.
#
#  Out of Memory Error (allocation.cpp:390), pid=22188, tid=0x0000000000002fd0
#
# JRE version: Java(TM) SE Runtime Environment (8.0_161-b12) (build 1.8.0_161-b12)
# Java VM: Java HotSpot(TM) 64-Bit Server VM (25.161-b12 mixed mode windows-amd64 compressed oops)
# Failed to write core dump. Minidumps are not enabled by default on client versions of Windows
#

---------------  T H R E A D  ---------------

Current thread (0x00000000179b6000):  JavaThread "C2 CompilerThread1" daemon [_thread_in_native, id=12240, stack(0x0000000019100000,0x0000000019200000)]

Stack: [0x0000000019100000,0x0000000019200000]
[error occurred during error reporting (printing stack bounds), id 0xc0000005]

Native frames: (J=compiled Java code, j=interpreted, Vv=VM code, C=native code)


Current CompileTask:
C2:  23098 4830       4       org.springframework.core.annotation.AnnotationsScanner::process (43 bytes)


---------------  P R O C E S S  ---------------

Java Threads: ( => current thread )
  0x000000001cb0e000 JavaThread "HikariPool-1 housekeeper" daemon [_thread_blocked, id=19108, stack(0x0000000020d20000,0x0000000020e20000)]
  0x000000001cc76800 JavaThread "mysql-cj-abandoned-connection-cleanup" daemon [_thread_blocked, id=20976, stack(0x000000001f550000,0x000000001f650000)]
  0x000000001d8fb000 JavaThread "container-0" [_thread_blocked, id=13472, stack(0x000000001f030000,0x000000001f130000)]
  0x000000001d8fa000 JavaThread "Catalina-utility-2" [_thread_blocked, id=19020, stack(0x000000001c750000,0x000000001c850000)]
  0x000000001d8f9800 JavaThread "Catalina-utility-1" [_thread_blocked, id=20780, stack(0x000000001c050000,0x000000001c150000)]
  0x000000001a33b800 JavaThread "restartedMain" [_thread_in_vm, id=8520, stack(0x000000001bb50000,0x000000001bc50000)]
  0x000000001a33b000 JavaThread "Thread-1" [_thread_blocked, id=19584, stack(0x000000001ba50000,0x000000001bb50000)]
  0x0000000019efa000 JavaThread "RMI TCP Accept-0" daemon [_thread_in_native, id=21464, stack(0x000000001a540000,0x000000001a640000)]
  0x0000000019ef9000 JavaThread "RMI TCP Accept-14131" daemon [_thread_in_native, id=18960, stack(0x000000001a440000,0x000000001a540000)]
  0x0000000019ee2000 JavaThread "RMI TCP Accept-0" daemon [_thread_in_native, id=9660, stack(0x000000001a340000,0x000000001a440000)]
  0x0000000019329000 JavaThread "Service Thread" daemon [_thread_blocked, id=17124, stack(0x0000000019700000,0x0000000019800000)]
  0x00000000179c3000 JavaThread "C1 CompilerThread2" daemon [_thread_blocked, id=12328, stack(0x0000000019200000,0x0000000019300000)]
=>0x00000000179b6000 JavaThread "C2 CompilerThread1" daemon [_thread_in_native, id=12240, stack(0x0000000019100000,0x0000000019200000)]
  0x00000000179af000 JavaThread "C2 CompilerThread0" daemon [_thread_in_native, id=10536, stack(0x0000000019000000,0x0000000019100000)]
  0x00000000179bf000 JavaThread "Attach Listener" daemon [_thread_blocked, id=16620, stack(0x0000000018f00000,0x0000000019000000)]
  0x00000000179bd800 JavaThread "Signal Dispatcher" daemon [_thread_blocked, id=18512, stack(0x0000000018e00000,0x0000000018f00000)]
  0x0000000002d8d800 JavaThread "Finalizer" daemon [_thread_blocked, id=2688, stack(0x0000000018c00000,0x0000000018d00000)]
  0x0000000002d84800 JavaThread "Reference Handler" daemon [_thread_blocked, id=5464, stack(0x0000000018b00000,0x0000000018c00000)]
  0x0000000002c95800 JavaThread "main" [_thread_blocked, id=4084, stack(0x0000000002a90000,0x0000000002b90000)]

Other Threads:
  0x0000000017977000 VMThread [stack: 0x0000000018a00000,0x0000000018b00000] [id=13276]
  0x0000000019efe000 WatcherThread [stack: 0x000000001a640000,0x000000001a740000] [id=19776]

VM state:not at safepoint (normal execution)

VM Mutex/Monitor currently owned by a thread: None

Heap:
 PSYoungGen      total 281088K, used 17013K [0x00000000d5580000, 0x00000000e7b80000, 0x0000000100000000)
  eden space 265216K, 6% used [0x00000000d5580000,0x00000000d661d760,0x00000000e5880000)
  from space 15872K, 0% used [0x00000000e6c00000,0x00000000e6c00000,0x00000000e7b80000)
  to   space 17920K, 0% used [0x00000000e5880000,0x00000000e5880000,0x00000000e6a00000)
 ParOldGen       total 72704K, used 24285K [0x0000000080000000, 0x0000000084700000, 0x00000000d5580000)
  object space 72704K, 33% used [0x0000000080000000,0x00000000817b74a8,0x0000000084700000)
 Metaspace       used 56320K, capacity 59520K, committed 59648K, reserved 1099776K
  class space    used 7864K, capacity 8421K, committed 8448K, reserved 1048576K

Card table byte_map: [0x0000000012150000,0x0000000012560000] byte_map_base: 0x0000000011d50000

Marking Bits: (ParMarkBitMap*) 0x00000000582ef860
 Begin Bits: [0x0000000012c10000, 0x0000000014c10000)
 End Bits:   [0x0000000014c10000, 0x0000000016c10000)

Polling page: 0x0000000001260000

CodeCache: size=245760Kb used=15860Kb max_used=15860Kb free=229899Kb
 bounds [0x0000000002d90000, 0x0000000003d20000, 0x0000000011d90000]
 total_blobs=5017 nmethods=4483 adapters=445
 compilation: enabled

Compilation events (10 events):
Event: 23.026 Thread 0x00000000179c3000 4860       3       org.springframework.aop.support.AopUtils::canApply (49 bytes)
Event: 23.027 Thread 0x00000000179c3000 nmethod 4860 0x0000000003d17a90 code [0x0000000003d17c60, 0x0000000003d184b8]
Event: 23.075 Thread 0x00000000179c3000 4861       3       org.springframework.beans.factory.config.BeanPostProcessor::postProcessBeforeInitialization (2 bytes)
Event: 23.075 Thread 0x00000000179c3000 nmethod 4861 0x0000000003d18690 code [0x0000000003d187e0, 0x0000000003d18930]
Event: 23.081 Thread 0x00000000179c3000 4862       1       org.springframework.core.MethodParameter::getAnnotatedElement (5 bytes)
Event: 23.081 Thread 0x00000000179c3000 nmethod 4862 0x0000000003d189d0 code [0x0000000003d18b20, 0x0000000003d18c30]
Event: 23.084 Thread 0x00000000179c3000 4863       3       org.springframework.asm.MethodVisitor::visitLabel (16 bytes)
Event: 23.085 Thread 0x00000000179c3000 nmethod 4863 0x0000000003d18c90 code [0x0000000003d18e00, 0x0000000003d19068]
Event: 23.085 Thread 0x00000000179c3000 4864       3       org.springframework.asm.MethodVisitor::visitVarInsn (17 bytes)
Event: 23.085 Thread 0x00000000179c3000 nmethod 4864 0x0000000003d19150 code [0x0000000003d192c0, 0x0000000003d19528]

GC Heap History (10 events):
Event: 12.417 GC heap before
{Heap before GC invocations=9 (full 1):
 PSYoungGen      total 137728K, used 38155K [0x00000000d5580000, 0x00000000e3080000, 0x0000000100000000)
  eden space 128512K, 22% used [0x00000000d5580000,0x00000000d71c77d0,0x00000000dd300000)
  from space 9216K, 99% used [0x00000000dd300000,0x00000000ddbfb768,0x00000000ddc00000)
  to   space 12288K, 0% used [0x00000000e2480000,0x00000000e2480000,0x00000000e3080000)
 ParOldGen       total 50176K, used 10254K [0x0000000080000000, 0x0000000083100000, 0x00000000d5580000)
  object space 50176K, 20% used [0x0000000080000000,0x0000000080a038d8,0x0000000083100000)
 Metaspace       used 33224K, capacity 35342K, committed 35496K, reserved 1079296K
  class space    used 4460K, capacity 4846K, committed 4864K, reserved 1048576K
Event: 12.432 GC heap after
Heap after GC invocations=9 (full 1):
 PSYoungGen      total 211968K, used 8305K [0x00000000d5580000, 0x00000000e3f80000, 0x0000000100000000)
  eden space 199680K, 0% used [0x00000000d5580000,0x00000000d5580000,0x00000000e1880000)
  from space 12288K, 67% used [0x00000000e2480000,0x00000000e2c9c408,0x00000000e3080000)
  to   space 12288K, 0% used [0x00000000e1880000,0x00000000e1880000,0x00000000e2480000)
 ParOldGen       total 50176K, used 10262K [0x0000000080000000, 0x0000000083100000, 0x00000000d5580000)
  object space 50176K, 20% used [0x0000000080000000,0x0000000080a058d8,0x0000000083100000)
 Metaspace       used 33224K, capacity 35342K, committed 35496K, reserved 1079296K
  class space    used 4460K, capacity 4846K, committed 4864K, reserved 1048576K
}
Event: 12.432 GC heap before
{Heap before GC invocations=10 (full 2):
 PSYoungGen      total 211968K, used 8305K [0x00000000d5580000, 0x00000000e3f80000, 0x0000000100000000)
  eden space 199680K, 0% used [0x00000000d5580000,0x00000000d5580000,0x00000000e1880000)
  from space 12288K, 67% used [0x00000000e2480000,0x00000000e2c9c408,0x00000000e3080000)
  to   space 12288K, 0% used [0x00000000e1880000,0x00000000e1880000,0x00000000e2480000)
 ParOldGen       total 50176K, used 10262K [0x0000000080000000, 0x0000000083100000, 0x00000000d5580000)
  object space 50176K, 20% used [0x0000000080000000,0x0000000080a058d8,0x0000000083100000)
 Metaspace       used 33224K, capacity 35342K, committed 35496K, reserved 1079296K
  class space    used 4460K, capacity 4846K, committed 4864K, reserved 1048576K
Event: 12.535 GC heap after
Heap after GC invocations=10 (full 2):
 PSYoungGen      total 211968K, used 0K [0x00000000d5580000, 0x00000000e3f80000, 0x0000000100000000)
  eden space 199680K, 0% used [0x00000000d5580000,0x00000000d5580000,0x00000000e1880000)
  from space 12288K, 0% used [0x00000000e2480000,0x00000000e2480000,0x00000000e3080000)
  to   space 12288K, 0% used [0x00000000e1880000,0x00000000e1880000,0x00000000e2480000)
 ParOldGen       total 72704K, used 12713K [0x0000000080000000, 0x0000000084700000, 0x00000000d5580000)
  object space 72704K, 17% used [0x0000000080000000,0x0000000080c6a500,0x0000000084700000)
 Metaspace       used 33224K, capacity 35342K, committed 35496K, reserved 1079296K
  class space    used 4460K, capacity 4846K, committed 4864K, reserved 1048576K
}
Event: 18.421 GC heap before
{Heap before GC invocations=11 (full 2):
 PSYoungGen      total 211968K, used 199680K [0x00000000d5580000, 0x00000000e3f80000, 0x0000000100000000)
  eden space 199680K, 100% used [0x00000000d5580000,0x00000000e1880000,0x00000000e1880000)
  from space 12288K, 0% used [0x00000000e2480000,0x00000000e2480000,0x00000000e3080000)
  to   space 12288K, 0% used [0x00000000e1880000,0x00000000e1880000,0x00000000e2480000)
 ParOldGen       total 72704K, used 12713K [0x0000000080000000, 0x0000000084700000, 0x00000000d5580000)
  object space 72704K, 17% used [0x0000000080000000,0x0000000080c6a500,0x0000000084700000)
 Metaspace       used 48785K, capacity 51338K, committed 51712K, reserved 1093632K
  class space    used 6696K, capacity 7158K, committed 7168K, reserved 1048576K
Event: 18.462 GC heap after
Heap after GC invocations=11 (full 2):
 PSYoungGen      total 211968K, used 12270K [0x00000000d5580000, 0x00000000e7c00000, 0x0000000100000000)
  eden space 199680K, 0% used [0x00000000d5580000,0x00000000d5580000,0x00000000e1880000)
  from space 12288K, 99% used [0x00000000e1880000,0x00000000e247bb08,0x00000000e2480000)
  to   space 16384K, 0% used [0x00000000e6c00000,0x00000000e6c00000,0x00000000e7c00000)
 ParOldGen       total 72704K, used 18170K [0x0000000080000000, 0x0000000084700000, 0x00000000d5580000)
  object space 72704K, 24% used [0x0000000080000000,0x00000000811be808,0x0000000084700000)
 Metaspace       used 48785K, capacity 51338K, committed 51712K, reserved 1093632K
  class space    used 6696K, capacity 7158K, committed 7168K, reserved 1048576K
}
Event: 22.116 GC heap before
{Heap before GC invocations=12 (full 2):
 PSYoungGen      total 211968K, used 81238K [0x00000000d5580000, 0x00000000e7c00000, 0x0000000100000000)
  eden space 199680K, 34% used [0x00000000d5580000,0x00000000d98da010,0x00000000e1880000)
  from space 12288K, 99% used [0x00000000e1880000,0x00000000e247bb08,0x00000000e2480000)
  to   space 16384K, 0% used [0x00000000e6c00000,0x00000000e6c00000,0x00000000e7c00000)
 ParOldGen       total 72704K, used 18170K [0x0000000080000000, 0x0000000084700000, 0x00000000d5580000)
  object space 72704K, 24% used [0x0000000080000000,0x00000000811be808,0x0000000084700000)
 Metaspace       used 55864K, capacity 58998K, committed 59160K, reserved 1099776K
  class space    used 7766K, capacity 8302K, committed 8320K, reserved 1048576K
Event: 22.149 GC heap after
Heap after GC invocations=12 (full 2):
 PSYoungGen      total 281088K, used 14002K [0x00000000d5580000, 0x00000000e7b80000, 0x0000000100000000)
  eden space 265216K, 0% used [0x00000000d5580000,0x00000000d5580000,0x00000000e5880000)
  from space 15872K, 88% used [0x00000000e6c00000,0x00000000e79acb90,0x00000000e7b80000)
  to   space 17920K, 0% used [0x00000000e5880000,0x00000000e5880000,0x00000000e6a00000)
 ParOldGen       total 72704K, used 18178K [0x0000000080000000, 0x0000000084700000, 0x00000000d5580000)
  object space 72704K, 25% used [0x0000000080000000,0x00000000811c0808,0x0000000084700000)
 Metaspace       used 55864K, capacity 58998K, committed 59160K, reserved 1099776K
  class space    used 7766K, capacity 8302K, committed 8320K, reserved 1048576K
}
Event: 22.149 GC heap before
{Heap before GC invocations=13 (full 3):
 PSYoungGen      total 281088K, used 14002K [0x00000000d5580000, 0x00000000e7b80000, 0x0000000100000000)
  eden space 265216K, 0% used [0x00000000d5580000,0x00000000d5580000,0x00000000e5880000)
  from space 15872K, 88% used [0x00000000e6c00000,0x00000000e79acb90,0x00000000e7b80000)
  to   space 17920K, 0% used [0x00000000e5880000,0x00000000e5880000,0x00000000e6a00000)
 ParOldGen       total 72704K, used 18178K [0x0000000080000000, 0x0000000084700000, 0x00000000d5580000)
  object space 72704K, 25% used [0x0000000080000000,0x00000000811c0808,0x0000000084700000)
 Metaspace       used 55864K, capacity 58998K, committed 59160K, reserved 1099776K
  class space    used 7766K, capacity 8302K, committed 8320K, reserved 1048576K
Event: 22.386 GC heap after
Heap after GC invocations=13 (full 3):
 PSYoungGen      total 281088K, used 0K [0x00000000d5580000, 0x00000000e7b80000, 0x0000000100000000)
  eden space 265216K, 0% used [0x00000000d5580000,0x00000000d5580000,0x00000000e5880000)
  from space 15872K, 0% used [0x00000000e6c00000,0x00000000e6c00000,0x00000000e7b80000)
  to   space 17920K, 0% used [0x00000000e5880000,0x00000000e5880000,0x00000000e6a00000)
 ParOldGen       total 72704K, used 24285K [0x0000000080000000, 0x0000000084700000, 0x00000000d5580000)
  object space 72704K, 33% used [0x0000000080000000,0x00000000817b74a8,0x0000000084700000)
 Metaspace       used 55864K, capacity 58998K, committed 59160K, reserved 1099776K
  class space    used 7766K, capacity 8302K, committed 8320K, reserved 1048576K
}

Deoptimization events (10 events):
Event: 22.543 Thread 0x000000001a33b800 Uncommon trap: reason=unstable_if action=reinterpret pc=0x0000000002f1ac48 method=org.springframework.aop.framework.autoproxy.AbstractAutoProxyCreator.predictBeanType(Ljava/lang/Class;Ljava/lang/String;)Ljava/lang/Class; @ 9
Event: 22.550 Thread 0x000000001a33b800 Uncommon trap: reason=unstable_if action=reinterpret pc=0x000000000327ae84 method=java.util.concurrent.ConcurrentHashMap.transfer([Ljava/util/concurrent/ConcurrentHashMap$Node;[Ljava/util/concurrent/ConcurrentHashMap$Node;)V @ 356
Event: 22.556 Thread 0x000000001a33b800 Uncommon trap: reason=class_check action=maybe_recompile pc=0x0000000003873f6c method=java.lang.reflect.Executable.getAnnotation(Ljava/lang/Class;)Ljava/lang/annotation/Annotation; @ 19
Event: 22.563 Thread 0x000000001a33b800 Uncommon trap: reason=unstable_if action=reinterpret pc=0x00000000039fb32c method=java.util.concurrent.ConcurrentHashMap.get(Ljava/lang/Object;)Ljava/lang/Object; @ 86
Event: 22.571 Thread 0x000000001a33b800 Uncommon trap: reason=class_check action=maybe_recompile pc=0x0000000003cceec4 method=java.util.stream.Sink$ChainedReference.<init>(Ljava/util/stream/Sink;)V @ 9
Event: 22.571 Thread 0x000000001a33b800 Uncommon trap: reason=class_check action=maybe_recompile pc=0x0000000003cceec4 method=java.util.stream.Sink$ChainedReference.<init>(Ljava/util/stream/Sink;)V @ 9
Event: 22.571 Thread 0x000000001a33b800 Uncommon trap: reason=class_check action=maybe_recompile pc=0x0000000003cceec4 method=java.util.stream.Sink$ChainedReference.<init>(Ljava/util/stream/Sink;)V @ 9
Event: 22.571 Thread 0x000000001a33b800 Uncommon trap: reason=class_check action=maybe_recompile pc=0x0000000003cceec4 method=java.util.stream.Sink$ChainedReference.<init>(Ljava/util/stream/Sink;)V @ 9
Event: 22.707 Thread 0x000000001a33b800 Uncommon trap: reason=unstable_if action=reinterpret pc=0x000000000386f454 method=org.springframework.core.annotation.AnnotationsScanner.processClassHierarchy(Ljava/lang/Object;[ILjava/lang/Class;Lorg/springframework/core/annotation/AnnotationsProcessor;Z
Event: 22.761 Thread 0x000000001a33b800 Uncommon trap: reason=bimorphic action=maybe_recompile pc=0x000000000363da30 method=java.util.Collections$SetFromMap.contains(Ljava/lang/Object;)Z @ 5

Classes redefined (0 events):
No events

Internal exceptions (10 events):
Event: 22.897 Thread 0x000000001a33b800 Exception <a 'java/lang/ClassNotFoundException': java/lang/ObjectCustomizer> (0x00000000d63ecc08) thrown at [C:\re\workspace\8-2-build-windows-amd64-cygwin\jdk8u161\10277\hotspot\src\share\vm\classfile\systemDictionary.cpp, line 210]
Event: 22.900 Thread 0x000000001a33b800 Exception <a 'java/lang/ClassNotFoundException': org/springframework/web/servlet/config/annotation/WebMvcConfigurationSupportCustomizer> (0x00000000d640de00) thrown at [C:\re\workspace\8-2-build-windows-amd64-cygwin\jdk8u161\10277\hotspot\src\share\vm\cla
Event: 22.921 Thread 0x000000001a33b800 Exception <a 'java/lang/ClassNotFoundException': org/springframework/web/servlet/config/annotation/DelegatingWebMvcConfigurationCustomizer> (0x00000000d6443fd8) thrown at [C:\re\workspace\8-2-build-windows-amd64-cygwin\jdk8u161\10277\hotspot\src\share\vm\
Event: 22.945 Thread 0x000000001a33b800 Exception <a 'java/lang/ClassNotFoundException': org/springframework/boot/autoconfigure/web/servlet/WebMvcAutoConfiguration$EnableWebMvcConfigurationCustomizer> (0x00000000d646d418) thrown at [C:\re\workspace\8-2-build-windows-amd64-cygwin\jdk8u161\10277\
Event: 22.948 Thread 0x000000001a33b800 Exception <a 'java/lang/ClassNotFoundException': org/springframework/context/ResourceLoaderAwareCustomizer> (0x00000000d64982a0) thrown at [C:\re\workspace\8-2-build-windows-amd64-cygwin\jdk8u161\10277\hotspot\src\share\vm\classfile\systemDictionary.cpp, 
Event: 22.950 Thread 0x000000001a33b800 Exception <a 'java/lang/ClassNotFoundException': org/springframework/beans/factory/AwareCustomizer> (0x00000000d64ad868) thrown at [C:\re\workspace\8-2-build-windows-amd64-cygwin\jdk8u161\10277\hotspot\src\share\vm\classfile\systemDictionary.cpp, line 210
Event: 22.951 Thread 0x000000001a33b800 Exception <a 'java/lang/ClassNotFoundException': org/springframework/context/ApplicationContextAwareCustomizer> (0x00000000d64c4f50) thrown at [C:\re\workspace\8-2-build-windows-amd64-cygwin\jdk8u161\10277\hotspot\src\share\vm\classfile\systemDictionary.c
Event: 22.953 Thread 0x000000001a33b800 Exception <a 'java/lang/ClassNotFoundException': org/springframework/beans/factory/AwareCustomizer> (0x00000000d64dab20) thrown at [C:\re\workspace\8-2-build-windows-amd64-cygwin\jdk8u161\10277\hotspot\src\share\vm\classfile\systemDictionary.cpp, line 210
Event: 22.954 Thread 0x000000001a33b800 Exception <a 'java/lang/ClassNotFoundException': org/springframework/web/context/ServletContextAwareCustomizer> (0x00000000d64f2210) thrown at [C:\re\workspace\8-2-build-windows-amd64-cygwin\jdk8u161\10277\hotspot\src\share\vm\classfile\systemDictionary.c
Event: 22.957 Thread 0x000000001a33b800 Exception <a 'java/lang/ClassNotFoundException': org/springframework/beans/factory/AwareCustomizer> (0x00000000d6507850) thrown at [C:\re\workspace\8-2-build-windows-amd64-cygwin\jdk8u161\10277\hotspot\src\share\vm\classfile\systemDictionary.cpp, line 210

Events (10 events):
Event: 22.957 loading class org/springframework/beans/factory/AwareCustomizer
Event: 22.957 loading class org/springframework/beans/factory/AwareCustomizer done
Event: 22.957 loading class org/springframework/beans/factory/AwareCustomizer
Event: 22.957 loading class org/springframework/beans/factory/AwareCustomizer done
Event: 23.051 loading class org/springframework/web/context/request/async/DeferredResultProcessingInterceptor
Event: 23.051 loading class org/springframework/web/context/request/async/DeferredResultProcessingInterceptor done
Event: 23.065 loading class org/springframework/ui/ModelMap
Event: 23.065 loading class org/springframework/ui/ModelMap done
Event: 23.077 loading class org/springframework/boot/autoconfigure/orm/jpa/JpaBaseConfiguration$JpaWebConfiguration$1
Event: 23.077 loading class org/springframework/boot/autoconfigure/orm/jpa/JpaBaseConfiguration$JpaWebConfiguration$1 done


Dynamic libraries:
0x00007ff764e20000 - 0x00007ff764e57000 	C:\Program Files\Java\jdk1.8.0_161\bin\javaw.exe
0x00007ffe4edf0000 - 0x00007ffe4efe5000 	C:\Windows\SYSTEM32\ntdll.dll
0x00007ffe4d040000 - 0x00007ffe4d0fd000 	C:\Windows\System32\KERNEL32.DLL
0x00007ffe4c5b0000 - 0x00007ffe4c878000 	C:\Windows\System32\KERNELBASE.dll
0x00007ffe4e950000 - 0x00007ffe4e9fc000 	C:\Windows\System32\ADVAPI32.dll
0x00007ffe4d100000 - 0x00007ffe4d19e000 	C:\Windows\System32\msvcrt.dll
0x00007ffe4e780000 - 0x00007ffe4e81b000 	C:\Windows\System32\sechost.dll
0x00007ffe4cf10000 - 0x00007ffe4d03b000 	C:\Windows\System32\RPCRT4.dll
0x00007ffe4ea00000 - 0x00007ffe4eba0000 	C:\Windows\System32\USER32.dll
0x00007ffe4c530000 - 0x00007ffe4c552000 	C:\Windows\System32\win32u.dll
0x00007ffe4d650000 - 0x00007ffe4d67a000 	C:\Windows\System32\GDI32.dll
0x00007ffe4c9a0000 - 0x00007ffe4caab000 	C:\Windows\System32\gdi32full.dll
0x00007ffe4cbb0000 - 0x00007ffe4cc4d000 	C:\Windows\System32\msvcp_win.dll
0x00007ffe4cab0000 - 0x00007ffe4cbb0000 	C:\Windows\System32\ucrtbase.dll
0x00007ffe42ab0000 - 0x00007ffe42d4a000 	C:\Windows\WinSxS\amd64_microsoft.windows.common-controls_6595b64144ccf1df_6.0.19041.1052_none_60b8f8fd71f5e8cb\COMCTL32.dll
0x00007ffe4da70000 - 0x00007ffe4daa0000 	C:\Windows\System32\IMM32.DLL
0x0000000058370000 - 0x0000000058442000 	C:\Program Files\Java\jdk1.8.0_161\jre\bin\msvcr100.dll
0x0000000057ad0000 - 0x000000005836f000 	C:\Program Files\Java\jdk1.8.0_161\jre\bin\server\jvm.dll
0x00007ffe4d630000 - 0x00007ffe4d638000 	C:\Windows\System32\PSAPI.DLL
0x00007ffe478f0000 - 0x00007ffe478f9000 	C:\Windows\SYSTEM32\WSOCK32.dll
0x00007ffe4d880000 - 0x00007ffe4d8eb000 	C:\Windows\System32\WS2_32.dll
0x00007ffe3fa10000 - 0x00007ffe3fa37000 	C:\Windows\SYSTEM32\WINMM.dll
0x00007ffe436d0000 - 0x00007ffe436da000 	C:\Windows\SYSTEM32\VERSION.dll
0x0000000057ac0000 - 0x0000000057acf000 	C:\Program Files\Java\jdk1.8.0_161\jre\bin\verify.dll
0x0000000057a90000 - 0x0000000057ab9000 	C:\Program Files\Java\jdk1.8.0_161\jre\bin\java.dll
0x0000000057a70000 - 0x0000000057a86000 	C:\Program Files\Java\jdk1.8.0_161\jre\bin\zip.dll
0x00007ffe4daa0000 - 0x00007ffe4e1df000 	C:\Windows\System32\SHELL32.dll
0x00007ffe4a6a0000 - 0x00007ffe4ae30000 	C:\Windows\SYSTEM32\windows.storage.dll
0x00007ffe4d270000 - 0x00007ffe4d5c5000 	C:\Windows\System32\combase.dll
0x00007ffe4bed0000 - 0x00007ffe4befc000 	C:\Windows\SYSTEM32\Wldp.dll
0x00007ffe4d1a0000 - 0x00007ffe4d24e000 	C:\Windows\System32\SHCORE.dll
0x00007ffe4eba0000 - 0x00007ffe4ebf5000 	C:\Windows\System32\shlwapi.dll
0x00007ffe4c470000 - 0x00007ffe4c48f000 	C:\Windows\SYSTEM32\profapi.dll
0x0000000057a60000 - 0x0000000057a6d000 	C:\Program Files\Java\jdk1.8.0_161\jre\bin\management.dll
0x0000000057a40000 - 0x0000000057a5a000 	C:\Program Files\Java\jdk1.8.0_161\jre\bin\net.dll
0x00007ffe4bc40000 - 0x00007ffe4bcaa000 	C:\Windows\system32\mswsock.dll
0x0000000057a20000 - 0x0000000057a31000 	C:\Program Files\Java\jdk1.8.0_161\jre\bin\nio.dll
0x00007ffe44670000 - 0x00007ffe44687000 	C:\Windows\system32\napinsp.dll
0x00007ffe446b0000 - 0x00007ffe446cb000 	C:\Windows\system32\pnrpnsp.dll
0x00007ffe44690000 - 0x00007ffe446a5000 	C:\Windows\system32\wshbth.dll
0x00007ffe47340000 - 0x00007ffe4735d000 	C:\Windows\system32\NLAapi.dll
0x00007ffe4b930000 - 0x00007ffe4b96b000 	C:\Windows\SYSTEM32\IPHLPAPI.DLL
0x00007ffe4b970000 - 0x00007ffe4ba3c000 	C:\Windows\SYSTEM32\DNSAPI.dll
0x00007ffe4d640000 - 0x00007ffe4d648000 	C:\Windows\System32\NSI.dll
0x00007ffe446d0000 - 0x00007ffe446e2000 	C:\Windows\System32\winrnr.dll
0x00007ffe45770000 - 0x00007ffe4577a000 	C:\Windows\System32\rasadhlp.dll
0x00007ffe48c20000 - 0x00007ffe48c9f000 	C:\Windows\System32\fwpuclnt.dll
0x00007ffe4c8e0000 - 0x00007ffe4c907000 	C:\Windows\System32\bcrypt.dll
0x00007ffe4be10000 - 0x00007ffe4be28000 	C:\Windows\SYSTEM32\CRYPTSP.dll
0x00007ffe4b5e0000 - 0x00007ffe4b614000 	C:\Windows\system32\rsaenh.dll
0x00007ffe4c430000 - 0x00007ffe4c45e000 	C:\Windows\SYSTEM32\USERENV.dll
0x00007ffe4c910000 - 0x00007ffe4c993000 	C:\Windows\System32\bcryptprimitives.dll
0x00007ffe4be30000 - 0x00007ffe4be3c000 	C:\Windows\SYSTEM32\CRYPTBASE.dll
0x00007ffe497a0000 - 0x00007ffe497b7000 	C:\Windows\SYSTEM32\dhcpcsvc6.DLL
0x00007ffe494c0000 - 0x00007ffe494dd000 	C:\Windows\SYSTEM32\dhcpcsvc.DLL

VM Arguments:
jvm_args: -Dcom.sun.management.jmxremote -Dcom.sun.management.jmxremote.port=14131 -Dcom.sun.management.jmxremote.authenticate=false -Dcom.sun.management.jmxremote.ssl=false -Dspring.liveBeansView.mbeanDomain -Dspring.application.admin.enabled=true -Dfile.encoding=UTF-8 
java_command: com.cybage.tms.TmsApplication
java_class_path (initial): C:\Users\ravinach\Desktop\tmsprojectw\tms\target\classes;C:\Users\ravinach\.m2\repository\org\springframework\boot\spring-boot-starter-data-jpa\2.5.2\spring-boot-starter-data-jpa-2.5.2.jar;C:\Users\ravinach\.m2\repository\org\springframework\boot\spring-boot-starter-aop\2.5.2\spring-boot-starter-aop-2.5.2.jar;C:\Users\ravinach\.m2\repository\org\aspectj\aspectjweaver\1.9.6\aspectjweaver-1.9.6.jar;C:\Users\ravinach\.m2\repository\org\springframework\boot\spring-boot-starter-jdbc\2.5.2\spring-boot-starter-jdbc-2.5.2.jar;C:\Users\ravinach\.m2\repository\com\zaxxer\HikariCP\4.0.3\HikariCP-4.0.3.jar;C:\Users\ravinach\.m2\repository\org\springframework\spring-jdbc\5.3.8\spring-jdbc-5.3.8.jar;C:\Users\ravinach\.m2\repository\jakarta\transaction\jakarta.transaction-api\1.3.3\jakarta.transaction-api-1.3.3.jar;C:\Users\ravinach\.m2\repository\jakarta\persistence\jakarta.persistence-api\2.2.3\jakarta.persistence-api-2.2.3.jar;C:\Users\ravinach\.m2\repository\org\hibernate\hibernate-core\5.4.32.Final\hibernate-core-5.4.32.Final.jar;C:\Users\ravinach\.m2\repository\org\jboss\logging\jboss-logging\3.4.2.Final\jboss-logging-3.4.2.Final.jar;C:\Users\ravinach\.m2\repository\org\javassist\javassist\3.27.0-GA\javassist-3.27.0-GA.jar;C:\Users\ravinach\.m2\repository\net\bytebuddy\byte-buddy\1.10.22\byte-buddy-1.10.22.jar;C:\Users\ravinach\.m2\repository\antlr\antlr\2.7.7\antlr-2.7.7.jar;C:\Users\ravinach\.m2\repository\org\jboss\jandex\2.2.3.Final\jandex-2.2.3.Final.jar;C:\Users\ravinach\.m2\repository\com\fasterxml\classmate\1.5.1\classmate-1.5.1.jar;C:\Users\ravinach\.m2\repository\org\dom4j\dom4j\2.1.3\dom4j-2.1.3.jar;C:\Users\ravinach\.m2\repository\org\hibernate\common\hibernate-commons-annotations\5.1.2.Final\hibernate-commons-annotations-5.1.2.Final.jar;C:\Users\ravinach\.m2\repository\org\glassfish\jaxb\jaxb-runtime\2.3.4\jaxb-runtime-2.3.4.jar;C:\Users\ravinach\.m2\repository\org\glassfish\jaxb\txw2\2.3.4\txw2-2.3.4.jar;C:\Users\ravinach\.m2\reposi
Launcher Type: SUN_STANDARD

Environment Variables:
PATH=C:/Program Files/Java/jre1.8.0_161/bin/server;C:/Program Files/Java/jre1.8.0_161/bin;C:/Program Files/Java/jre1.8.0_161/lib/amd64;C:\ProgramData\Oracle\Java\javapath;C:\Windows\system32;C:\Windows;C:\Windows\System32\Wbem;C:\Windows\System32\WindowsPowerShell\v1.0\;C:\Windows\System32\OpenSSH\;C:\Program Files (x86)\CheckPoint\Endpoint Security\Endpoint Common\bin;C:\Program Files\Git\cmd;C:\Program Files\TortoiseGit\bin;C:\Program Files\nodejs\;C:\Program Files\Microsoft VS Code\bin;C:\Program Files\Java\jdk1.8.0_161\bin;C:\Users\ravinach\AppData\Roaming\npm;C:\Users\ravinach\AppData\Local\Microsoft\WindowsApps;C:\Program Files\Java\jdk1.8.0_161\bin;C:\Software\sonar-scanner-2.8\sonar-scanner-2.8\bin;C:\Users\ravinach\Desktop\Sonar\sonar-scanner-2.8\sonar-scanner-2.8\bin;C:\Users\ravinach\AppData\Roaming\npm;;C:\Users\ravinach\Documents\spring-tool-suite-3.7.0.RELEASE-e4.5-win32-x86_64\sts-bundle\sts-3.7.0.RELEASE;
USERNAME=ravinach
OS=Windows_NT
PROCESSOR_IDENTIFIER=Intel64 Family 6 Model 62 Stepping 4, GenuineIntel



---------------  S Y S T E M  ---------------

OS: Windows 10.0 , 64 bit Build 19041 (10.0.19041.1023)

CPU:total 4 (initial active 4) (2 cores per cpu, 1 threads per core) family 6 model 62 stepping 4, cmov, cx8, fxsr, mmx, sse, sse2, sse3, ssse3, sse4.1, sse4.2, popcnt, avx, aes, clmul, tsc, tscinvbit

Memory: 4k page, physical 8388148k(537236k free), swap 16188080k(6156k free)

vm_info: Java HotSpot(TM) 64-Bit Server VM (25.161-b12) for windows-amd64 JRE (1.8.0_161-b12), built on Dec 19 2017 17:52:25 by "java_re" with MS VC++ 10.0 (VS2010)

time: Sun Jul 18 20:18:26 2021
elapsed time: 23 seconds (0d 0h 0m 23s)

